<?xml version="1.0" encoding="UTF-8"?>
<!-- Generated by org.testng.reporters.JUnitXMLReporter -->
<testsuite ignored="2" hostname="HP" failures="0" tests="1" name="Test(failed)" time="73.97" errors="0" timestamp="2022-03-01T16:14:33 IST">
  <testcase classname="com.keywordframework1.tests.MyntraTest" name="verifyHomePageProfile" time="46.77"/>
  <testcase classname="com.keywordframework1.tests.MyntraTest" name="verifySearchForProductBrandAndMore" time="0.0">
    <ignored/>
  </testcase> <!-- verifySearchForProductBrandAndMore -->
  <testcase classname="com.keywordframework1.tests.MyntraTest" name="verifyLogo" time="0.0">
    <ignored/>
  </testcase> <!-- verifyLogo -->
</testsuite> <!-- Test(failed) -->
