<?xml version="1.0" encoding="UTF-8"?>
<testng-results ignored="0" total="1" passed="1" failed="0" skipped="0">
  <reporter-output>
  </reporter-output>
  <suite started-at="2022-03-02T22:47:42 IST" name="Suite" finished-at="2022-03-02T22:49:28 IST" duration-ms="105786">
    <groups>
    </groups>
    <test started-at="2022-03-02T22:47:42 IST" name="Test" finished-at="2022-03-02T22:49:28 IST" duration-ms="105786">
      <class name="com.keywordframework1.tests.MyntraTest">
        <test-method is-config="true" signature="setup(java.lang.String,java.lang.String)[pri:0, instance:com.keywordframework1.tests.MyntraTest@5c7933ad]" started-at="2022-03-02T22:47:43 IST" name="setup" finished-at="2022-03-02T22:48:39 IST" duration-ms="56174" status="PASS">
          <params>
            <param index="0">
              <value>
                <![CDATA[chrome]]>
              </value>
            </param>
            <param index="1">
              <value>
                <![CDATA[https://www.myntra.com]]>
              </value>
            </param>
          </params>
          <reporter-output>
          </reporter-output>
        </test-method> <!-- setup -->
        <test-method signature="verifyHomePageProfileAgain()[pri:0, instance:com.keywordframework1.tests.MyntraTest@5c7933ad]" started-at="2022-03-02T22:48:39 IST" name="verifyHomePageProfileAgain" finished-at="2022-03-02T22:49:27 IST" duration-ms="47814" status="PASS">
          <reporter-output>
          </reporter-output>
        </test-method> <!-- verifyHomePageProfileAgain -->
        <test-method is-config="true" signature="tearDown()[pri:0, instance:com.keywordframework1.tests.MyntraTest@5c7933ad]" started-at="2022-03-02T22:49:27 IST" name="tearDown" finished-at="2022-03-02T22:49:28 IST" duration-ms="1652" status="PASS">
          <reporter-output>
          </reporter-output>
        </test-method> <!-- tearDown -->
      </class> <!-- com.keywordframework1.tests.MyntraTest -->
    </test> <!-- Test -->
  </suite> <!-- Suite -->
</testng-results>
