<?xml version="1.0" encoding="UTF-8"?>
<!-- Generated by org.testng.reporters.JUnitXMLReporter -->
<testsuite ignored="2" hostname="HP" failures="0" tests="1" name="Test(failed)(failed)(failed)" time="88.28" errors="0" timestamp="2022-03-01T16:01:06 IST">
  <testcase classname="com.keywordframework1.tests.MyntraTest" name="verifyHomePageProfile" time="38.218"/>
  <testcase classname="com.keywordframework1.tests.MyntraTest" name="verifySearchForProductBrandAndMore" time="0.0">
    <ignored/>
  </testcase> <!-- verifySearchForProductBrandAndMore -->
  <testcase classname="com.keywordframework1.tests.MyntraTest" name="verifyLogo" time="0.0">
    <ignored/>
  </testcase> <!-- verifyLogo -->
</testsuite> <!-- Test(failed)(failed)(failed) -->
